<<<<<<< HEAD
<?xml version="1.0" encoding="UTF-8"?>
<!-- Generated by org.testng.reporters.JUnitReportReporter -->
<testsuite skipped="0" hostname="pradeep-PC" name="com.test.automation.uiautomation.homepage.TC002_VerifyRegistration" tests="1" failures="0" timestamp="03 Mar 2018 14:47:42 GMT" time="11.923" errors="0">
  <testcase name="testLogin" time="11.923" classname="com.test.automation.uiautomation.homepage.TC002_VerifyRegistration"/>
</testsuite> <!-- com.test.automation.uiautomation.homepage.TC002_VerifyRegistration -->
=======
<?xml version="1.0" encoding="UTF-8"?>
<!-- Generated by org.testng.reporters.JUnitReportReporter -->
<testsuite skipped="0" hostname="pradeep-PC" name="com.test.automation.uiautomation.homepage.TC002_VerifyRegistration" tests="1" failures="0" timestamp="03 Mar 2018 14:47:42 GMT" time="11.923" errors="0">
  <testcase name="testLogin" time="11.923" classname="com.test.automation.uiautomation.homepage.TC002_VerifyRegistration"/>
</testsuite> <!-- com.test.automation.uiautomation.homepage.TC002_VerifyRegistration -->
>>>>>>> branch 'master' of https://github.com/pradeepbr192/Java.git
