<?xml version="1.0" encoding="UTF-8"?>
<!-- Generated by org.testng.reporters.JUnitReportReporter -->
<testsuite skipped="0" hostname="PC294345" name="com.test.automation.uiautomation.homepage.TC002_VerifyRegistration" tests="1" failures="0" timestamp="06 Feb 2018 10:47:53 GMT" time="5.603" errors="0">
  <testcase name="testLogin" time="5.603" classname="com.test.automation.uiautomation.homepage.TC002_VerifyRegistration"/>
</testsuite> <!-- com.test.automation.uiautomation.homepage.TC002_VerifyRegistration -->
