<?xml version="1.0" encoding="UTF-8"?>
<!-- Generated by org.testng.reporters.JUnitReportReporter -->
<testsuite skipped="0" hostname="PC294345" name="com.test.automation.uiautomation.homepage.TC001_VerifyloginWithInvalidCredentials" tests="1" failures="0" timestamp="05 Feb 2018 10:46:00 GMT" time="4.637" errors="0">
  <testcase name="verifyloginWithInvalidCredentials" time="4.637" classname="com.test.automation.uiautomation.homepage.TC001_VerifyloginWithInvalidCredentials"/>
</testsuite> <!-- com.test.automation.uiautomation.homepage.TC001_VerifyloginWithInvalidCredentials -->
